<?xml version="1.0" encoding="UTF-8"?>
<!-- Generated by org.testng.reporters.JUnitXMLReporter -->
<testsuite hostname="VIMAL" ignored="0" name="Surefire test" tests="6" failures="0" timestamp="21 Jan 2022 22:56:26 GMT" time="31.335" errors="0">
  <testcase name="verifyUserShouldNavigateToHomePageSuccessfully" time="0.207" classname="com.heartbingo.testsuite.HomePageTest"/>
  <testcase name="verifyUserShouldNotAbleToLoginWithInvalidUserName" time="2.087" classname="com.heartbingo.testsuite.LoginTest"/>
  <testcase name="verifyUserShouldNotAbleToLoginWithInvalidUserName" time="1.955" classname="com.heartbingo.testsuite.LoginTest"/>
  <testcase name="verifyUserShouldNotAbleToLoginWithInvalidUserName" time="1.756" classname="com.heartbingo.testsuite.LoginTest"/>
  <testcase name="verifyUserNavigateToSignUpPageSuccessfully" time="0.45" classname="com.heartbingo.testsuite.SignUpTest"/>
  <testcase name="verifyUsershouldNavigateToTermsAndConditons" time="1.494" classname="com.heartbingo.testsuite.HomePageTest"/>
</testsuite> <!-- Surefire test -->
