<?xml version="1.0" encoding="UTF-8"?>
<!-- Generated by org.testng.reporters.JUnitXMLReporter -->
<testsuite hostname="VIMAL" ignored="0" name="Surefire test" tests="6" failures="2" timestamp="20 Jan 2022 13:34:43 GMT" time="38.698" errors="0">
  <testcase name="verifyUserShouldNavigateToHomePageSuccessfully" time="1.007" classname="com.heartbingo.testsuite.HomePageTest"/>
  <testcase name="verifyUserShouldNotAbleToLoginWithInvalidUserName" time="1.682" classname="com.heartbingo.testsuite.LoginTest"/>
  <testcase name="verifyUserNavigateToSignUpPageSuccessfully" time="0.436" classname="com.heartbingo.testsuite.SignUpTest"/>
  <testcase name="verifyUsershouldNavigateToTermsAndConditons" time="1.24" classname="com.heartbingo.testsuite.HomePageTest">
    <failure type="org.openqa.selenium.ElementClickInterceptedException" message="element click intercepted: Element is not clickable at point (-87, 598)
  (Session info: chrome=97.0.4692.71)
Build info: version: &amp;apos;4.0.0&amp;apos;, revision: &amp;apos;3a21814679&amp;apos;
System info: host: &amp;apos;VIMAL&amp;apos;, ip: &amp;apos;10.10.10.105&amp;apos;, os.name: &amp;apos;Windows 10&amp;apos;, os.arch: &amp;apos;amd64&amp;apos;, os.version: &amp;apos;10.0&amp;apos;, java.version: &amp;apos;1.8.0_121&amp;apos;
Driver info: org.openqa.selenium.chrome.ChromeDriver
Command: [41d3264abe4c651205dc3d8c02554e8d, clickElement {id=feecb640-6f9f-44d2-ba65-899963b17283}]
Capabilities {acceptInsecureCerts: false, browserName: chrome, browserVersion: 97.0.4692.71, chrome: {chromedriverVersion: 97.0.4692.71 (adefa7837d02a..., userDataDir: C:\Windows\TEMP\scoped_dir9...}, goog:chromeOptions: {debuggerAddress: localhost:55357}, javascriptEnabled: true, networkConnectionEnabled: false, pageLoadStrategy: normal, platform: WINDOWS, platformName: WINDOWS, proxy: Proxy(), se:cdp: ws://localhost:55357/devtoo..., se:cdpVersion: 97.0.4692.71, setWindowRect: true, strictFileInteractability: false, timeouts: {implicit: 0, pageLoad: 300000, script: 30000}, unhandledPromptBehavior: dismiss and notify, webauthn:extension:credBlob: true, webauthn:extension:largeBlob: true, webauthn:virtualAuthenticators: true}
Element: [[ChromeDriver: chrome on WINDOWS (41d3264abe4c651205dc3d8c02554e8d)] -&amp;gt; link text: Terms &amp;amp; Conditions]
Session ID: 41d3264abe4c651205dc3d8c02554e8d">
      <![CDATA[org.openqa.selenium.ElementClickInterceptedException: element click intercepted: Element is not clickable at point (-87, 598)
  (Session info: chrome=97.0.4692.71)
Build info: version: '4.0.0', revision: '3a21814679'
System info: host: 'VIMAL', ip: '10.10.10.105', os.name: 'Windows 10', os.arch: 'amd64', os.version: '10.0', java.version: '1.8.0_121'
Driver info: org.openqa.selenium.chrome.ChromeDriver
Command: [41d3264abe4c651205dc3d8c02554e8d, clickElement {id=feecb640-6f9f-44d2-ba65-899963b17283}]
Capabilities {acceptInsecureCerts: false, browserName: chrome, browserVersion: 97.0.4692.71, chrome: {chromedriverVersion: 97.0.4692.71 (adefa7837d02a..., userDataDir: C:\Windows\TEMP\scoped_dir9...}, goog:chromeOptions: {debuggerAddress: localhost:55357}, javascriptEnabled: true, networkConnectionEnabled: false, pageLoadStrategy: normal, platform: WINDOWS, platformName: WINDOWS, proxy: Proxy(), se:cdp: ws://localhost:55357/devtoo..., se:cdpVersion: 97.0.4692.71, setWindowRect: true, strictFileInteractability: false, timeouts: {implicit: 0, pageLoad: 300000, script: 30000}, unhandledPromptBehavior: dismiss and notify, webauthn:extension:credBlob: true, webauthn:extension:largeBlob: true, webauthn:virtualAuthenticators: true}
Element: [[ChromeDriver: chrome on WINDOWS (41d3264abe4c651205dc3d8c02554e8d)] -> link text: Terms & Conditions]
Session ID: 41d3264abe4c651205dc3d8c02554e8d
at org.openqa.selenium.remote.codec.w3c.W3CHttpResponseCodec.createException(W3CHttpResponseCodec.java:200)
at org.openqa.selenium.remote.codec.w3c.W3CHttpResponseCodec.decode(W3CHttpResponseCodec.java:133)
at org.openqa.selenium.remote.codec.w3c.W3CHttpResponseCodec.decode(W3CHttpResponseCodec.java:53)
at org.openqa.selenium.remote.HttpCommandExecutor.execute(HttpCommandExecutor.java:184)
at org.openqa.selenium.remote.service.DriverCommandExecutor.invokeExecute(DriverCommandExecutor.java:164)
at org.openqa.selenium.remote.service.DriverCommandExecutor.execute(DriverCommandExecutor.java:139)
at org.openqa.selenium.remote.RemoteWebDriver.execute(RemoteWebDriver.java:559)
at org.openqa.selenium.remote.RemoteWebElement.execute(RemoteWebElement.java:251)
at org.openqa.selenium.remote.RemoteWebElement.click(RemoteWebElement.java:77)
at org.openqa.selenium.support.pagefactory.internal.LocatingElementHandler.invoke(LocatingElementHandler.java:52)
at com.sun.proxy.$Proxy15.click(Unknown Source)
at com.heartbingo.utility.Utility.doClickOnElement(Utility.java:40)
at com.heartbingo.pages.HomePage.clickOnTermsAndConditonsLink(HomePage.java:105)
at com.heartbingo.testsuite.HomePageTest.verifyUsershouldNavigateToTermsAndConditons(HomePageTest.java:52)
... Removed 38 stack frames]]>
    </failure>
  </testcase> <!-- verifyUsershouldNavigateToTermsAndConditons -->
  <testcase name="verifyFirstNameAndLastNameFieldShouldNotBeNull" time="0.394" classname="com.heartbingo.testsuite.SignUpTest"/>
  <testcase name="verifyUserShouldAbleToSignUpByEnteringMandatoryDetails" time="4.843" classname="com.heartbingo.testsuite.SignUpTest">
    <failure type="org.openqa.selenium.ElementClickInterceptedException" message="element click intercepted: Element &amp;lt;span class=&amp;quot;regpath__button-next-text&amp;quot;&amp;gt;...&amp;lt;/span&amp;gt; is not clickable at point (494, 608). Other element would receive the click: &amp;lt;div class=&amp;quot;cookies-policy cookies-policy--flat&amp;quot;&amp;gt;...&amp;lt;/div&amp;gt;
  (Session info: chrome=97.0.4692.71)
Build info: version: &amp;apos;4.0.0&amp;apos;, revision: &amp;apos;3a21814679&amp;apos;
System info: host: &amp;apos;VIMAL&amp;apos;, ip: &amp;apos;10.10.10.105&amp;apos;, os.name: &amp;apos;Windows 10&amp;apos;, os.arch: &amp;apos;amd64&amp;apos;, os.version: &amp;apos;10.0&amp;apos;, java.version: &amp;apos;1.8.0_121&amp;apos;
Driver info: org.openqa.selenium.chrome.ChromeDriver
Command: [39a2e16f7c14684a95577a5ab957b6ad, clickElement {id=9b3f1031-77ea-4d8c-aa5b-72d62af9f4f0}]
Capabilities {acceptInsecureCerts: false, browserName: chrome, browserVersion: 97.0.4692.71, chrome: {chromedriverVersion: 97.0.4692.71 (adefa7837d02a..., userDataDir: C:\Windows\TEMP\scoped_dir3...}, goog:chromeOptions: {debuggerAddress: localhost:55442}, javascriptEnabled: true, networkConnectionEnabled: false, pageLoadStrategy: normal, platform: WINDOWS, platformName: WINDOWS, proxy: Proxy(), se:cdp: ws://localhost:55442/devtoo..., se:cdpVersion: 97.0.4692.71, setWindowRect: true, strictFileInteractability: false, timeouts: {implicit: 0, pageLoad: 300000, script: 30000}, unhandledPromptBehavior: dismiss and notify, webauthn:extension:credBlob: true, webauthn:extension:largeBlob: true, webauthn:virtualAuthenticators: true}
Element: [[ChromeDriver: chrome on WINDOWS (39a2e16f7c14684a95577a5ab957b6ad)] -&amp;gt; xpath: //span[contains(text(),&amp;apos;Continue&amp;apos;)]]
Session ID: 39a2e16f7c14684a95577a5ab957b6ad">
      <![CDATA[org.openqa.selenium.ElementClickInterceptedException: element click intercepted: Element <span class="regpath__button-next-text">...</span> is not clickable at point (494, 608). Other element would receive the click: <div class="cookies-policy cookies-policy--flat">...</div>
  (Session info: chrome=97.0.4692.71)
Build info: version: '4.0.0', revision: '3a21814679'
System info: host: 'VIMAL', ip: '10.10.10.105', os.name: 'Windows 10', os.arch: 'amd64', os.version: '10.0', java.version: '1.8.0_121'
Driver info: org.openqa.selenium.chrome.ChromeDriver
Command: [39a2e16f7c14684a95577a5ab957b6ad, clickElement {id=9b3f1031-77ea-4d8c-aa5b-72d62af9f4f0}]
Capabilities {acceptInsecureCerts: false, browserName: chrome, browserVersion: 97.0.4692.71, chrome: {chromedriverVersion: 97.0.4692.71 (adefa7837d02a..., userDataDir: C:\Windows\TEMP\scoped_dir3...}, goog:chromeOptions: {debuggerAddress: localhost:55442}, javascriptEnabled: true, networkConnectionEnabled: false, pageLoadStrategy: normal, platform: WINDOWS, platformName: WINDOWS, proxy: Proxy(), se:cdp: ws://localhost:55442/devtoo..., se:cdpVersion: 97.0.4692.71, setWindowRect: true, strictFileInteractability: false, timeouts: {implicit: 0, pageLoad: 300000, script: 30000}, unhandledPromptBehavior: dismiss and notify, webauthn:extension:credBlob: true, webauthn:extension:largeBlob: true, webauthn:virtualAuthenticators: true}
Element: [[ChromeDriver: chrome on WINDOWS (39a2e16f7c14684a95577a5ab957b6ad)] -> xpath: //span[contains(text(),'Continue')]]
Session ID: 39a2e16f7c14684a95577a5ab957b6ad
at org.openqa.selenium.remote.codec.w3c.W3CHttpResponseCodec.createException(W3CHttpResponseCodec.java:200)
at org.openqa.selenium.remote.codec.w3c.W3CHttpResponseCodec.decode(W3CHttpResponseCodec.java:133)
at org.openqa.selenium.remote.codec.w3c.W3CHttpResponseCodec.decode(W3CHttpResponseCodec.java:53)
at org.openqa.selenium.remote.HttpCommandExecutor.execute(HttpCommandExecutor.java:184)
at org.openqa.selenium.remote.service.DriverCommandExecutor.invokeExecute(DriverCommandExecutor.java:164)
at org.openqa.selenium.remote.service.DriverCommandExecutor.execute(DriverCommandExecutor.java:139)
at org.openqa.selenium.remote.RemoteWebDriver.execute(RemoteWebDriver.java:559)
at org.openqa.selenium.remote.RemoteWebElement.execute(RemoteWebElement.java:251)
at org.openqa.selenium.remote.RemoteWebElement.click(RemoteWebElement.java:77)
at org.openqa.selenium.support.pagefactory.internal.LocatingElementHandler.invoke(LocatingElementHandler.java:52)
at com.sun.proxy.$Proxy15.click(Unknown Source)
at com.heartbingo.utility.Utility.doClickOnElement(Utility.java:40)
at com.heartbingo.pages.SignUpPage.doClickOnContinueButton(SignUpPage.java:190)
at com.heartbingo.testsuite.SignUpTest.verifyUserShouldAbleToSignUpByEnteringMandatoryDetails(SignUpTest.java:75)
... Removed 38 stack frames]]>
    </failure>
  </testcase> <!-- verifyUserShouldAbleToSignUpByEnteringMandatoryDetails -->
</testsuite> <!-- Surefire test -->
