<?xml version="1.0" encoding="UTF-8"?>
<testsuite xmlns:xsi="http://www.w3.org/2001/XMLSchema-instance" xsi:noNamespaceSchemaLocation="https://maven.apache.org/surefire/maven-surefire-plugin/xsd/surefire-test-report.xsd" name="TestSuite" time="39.285" tests="6" errors="0" skipped="0" failures="2">
  <properties>
[...]
</properties>
  <testcase name="verifyUserShouldNavigateToHomePageSuccessfully" classname="com.heartbingo.testsuite.HomePageTest" time="0.994"/>
  <testcase name="verifyUserShouldNotAbleToLoginWithInvalidUserName" classname="com.heartbingo.testsuite.LoginTest" time="1.683"/>
  <testcase name="verifyUserNavigateToSignUpPageSuccessfully" classname="com.heartbingo.testsuite.SignUpTest" time="0.436"/>
  <testcase name="verifyUsershouldNavigateToTermsAndConditons" classname="com.heartbingo.testsuite.HomePageTest" time="1.424">
    <failure message="element click intercepted: Element is not clickable at point (-87, 598)&#10;  (Session info: chrome=97.0.4692.71)&#10;Build info: version: &apos;4.0.0&apos;, revision: &apos;3a21814679&apos;&#10;System info: host: &apos;VIMAL&apos;, ip: &apos;10.10.10.105&apos;, os.name: &apos;Windows 10&apos;, os.arch: &apos;amd64&apos;, os.version: &apos;10.0&apos;, java.version: &apos;1.8.0_121&apos;&#10;Driver info: org.openqa.selenium.chrome.ChromeDriver&#10;Command: [41d3264abe4c651205dc3d8c02554e8d, clickElement {id=feecb640-6f9f-44d2-ba65-899963b17283}]&#10;Capabilities {acceptInsecureCerts: false, browserName: chrome, browserVersion: 97.0.4692.71, chrome: {chromedriverVersion: 97.0.4692.71 (adefa7837d02a..., userDataDir: C:\Windows\TEMP\scoped_dir9...}, goog:chromeOptions: {debuggerAddress: localhost:55357}, javascriptEnabled: true, networkConnectionEnabled: false, pageLoadStrategy: normal, platform: WINDOWS, platformName: WINDOWS, proxy: Proxy(), se:cdp: ws://localhost:55357/devtoo..., se:cdpVersion: 97.0.4692.71, setWindowRect: true, strictFileInteractability: false, timeouts: {implicit: 0, pageLoad: 300000, script: 30000}, unhandledPromptBehavior: dismiss and notify, webauthn:extension:credBlob: true, webauthn:extension:largeBlob: true, webauthn:virtualAuthenticators: true}&#10;Element: [[ChromeDriver: chrome on WINDOWS (41d3264abe4c651205dc3d8c02554e8d)] -&gt; link text: Terms &amp; Conditions]&#10;Session ID: 41d3264abe4c651205dc3d8c02554e8d" type="org.openqa.selenium.ElementClickInterceptedException"><![CDATA[org.openqa.selenium.ElementClickInterceptedException: 
element click intercepted: Element is not clickable at point (-87, 598)
  (Session info: chrome=97.0.4692.71)
Build info: version: '4.0.0', revision: '3a21814679'
System info: host: 'VIMAL', ip: '10.10.10.105', os.name: 'Windows 10', os.arch: 'amd64', os.version: '10.0', java.version: '1.8.0_121'
Driver info: org.openqa.selenium.chrome.ChromeDriver
Command: [41d3264abe4c651205dc3d8c02554e8d, clickElement {id=feecb640-6f9f-44d2-ba65-899963b17283}]
Capabilities {acceptInsecureCerts: false, browserName: chrome, browserVersion: 97.0.4692.71, chrome: {chromedriverVersion: 97.0.4692.71 (adefa7837d02a..., userDataDir: C:\Windows\TEMP\scoped_dir9...}, goog:chromeOptions: {debuggerAddress: localhost:55357}, javascriptEnabled: true, networkConnectionEnabled: false, pageLoadStrategy: normal, platform: WINDOWS, platformName: WINDOWS, proxy: Proxy(), se:cdp: ws://localhost:55357/devtoo..., se:cdpVersion: 97.0.4692.71, setWindowRect: true, strictFileInteractability: false, timeouts: {implicit: 0, pageLoad: 300000, script: 30000}, unhandledPromptBehavior: dismiss and notify, webauthn:extension:credBlob: true, webauthn:extension:largeBlob: true, webauthn:virtualAuthenticators: true}
Element: [[ChromeDriver: chrome on WINDOWS (41d3264abe4c651205dc3d8c02554e8d)] -> link text: Terms & Conditions]
Session ID: 41d3264abe4c651205dc3d8c02554e8d
	at com.heartbingo.testsuite.HomePageTest.verifyUsershouldNavigateToTermsAndConditons(HomePageTest.java:52)
]]></failure>
    <system-err><![CDATA[Starting ChromeDriver 97.0.4692.71 (adefa7837d02a07a604c1e6eff0b3a09422ab88d-refs/branch-heads/4692@{#1247}) on port 54248
Only local connections are allowed.
Please see https://chromedriver.chromium.org/security-considerations for suggestions on keeping ChromeDriver safe.
ChromeDriver was started successfully.
Jan 20, 2022 1:34:26 PM org.openqa.selenium.remote.ProtocolHandshake createSession
INFO: Detected dialect: W3C
Jan 20, 2022 1:34:26 PM org.openqa.selenium.devtools.CdpVersionFinder findNearestMatch
WARNING: Unable to find an exact match for CDP version 97, so returning the closest version found: 95
Jan 20, 2022 1:34:26 PM org.openqa.selenium.devtools.CdpVersionFinder findNearestMatch
INFO: Found CDP implementation for version 97 of 95
]]></system-err>
  </testcase>
  <testcase name="verifyFirstNameAndLastNameFieldShouldNotBeNull" classname="com.heartbingo.testsuite.SignUpTest" time="0.395"/>
  <testcase name="verifyUserShouldAbleToSignUpByEnteringMandatoryDetails" classname="com.heartbingo.testsuite.SignUpTest" time="4.971">
    <failure message="element click intercepted: Element &lt;span class=&quot;regpath__button-next-text&quot;&gt;...&lt;/span&gt; is not clickable at point (494, 608). Other element would receive the click: &lt;div class=&quot;cookies-policy cookies-policy--flat&quot;&gt;...&lt;/div&gt;&#10;  (Session info: chrome=97.0.4692.71)&#10;Build info: version: &apos;4.0.0&apos;, revision: &apos;3a21814679&apos;&#10;System info: host: &apos;VIMAL&apos;, ip: &apos;10.10.10.105&apos;, os.name: &apos;Windows 10&apos;, os.arch: &apos;amd64&apos;, os.version: &apos;10.0&apos;, java.version: &apos;1.8.0_121&apos;&#10;Driver info: org.openqa.selenium.chrome.ChromeDriver&#10;Command: [39a2e16f7c14684a95577a5ab957b6ad, clickElement {id=9b3f1031-77ea-4d8c-aa5b-72d62af9f4f0}]&#10;Capabilities {acceptInsecureCerts: false, browserName: chrome, browserVersion: 97.0.4692.71, chrome: {chromedriverVersion: 97.0.4692.71 (adefa7837d02a..., userDataDir: C:\Windows\TEMP\scoped_dir3...}, goog:chromeOptions: {debuggerAddress: localhost:55442}, javascriptEnabled: true, networkConnectionEnabled: false, pageLoadStrategy: normal, platform: WINDOWS, platformName: WINDOWS, proxy: Proxy(), se:cdp: ws://localhost:55442/devtoo..., se:cdpVersion: 97.0.4692.71, setWindowRect: true, strictFileInteractability: false, timeouts: {implicit: 0, pageLoad: 300000, script: 30000}, unhandledPromptBehavior: dismiss and notify, webauthn:extension:credBlob: true, webauthn:extension:largeBlob: true, webauthn:virtualAuthenticators: true}&#10;Element: [[ChromeDriver: chrome on WINDOWS (39a2e16f7c14684a95577a5ab957b6ad)] -&gt; xpath: //span[contains(text(),&apos;Continue&apos;)]]&#10;Session ID: 39a2e16f7c14684a95577a5ab957b6ad" type="org.openqa.selenium.ElementClickInterceptedException"><![CDATA[org.openqa.selenium.ElementClickInterceptedException: 
element click intercepted: Element <span class="regpath__button-next-text">...</span> is not clickable at point (494, 608). Other element would receive the click: <div class="cookies-policy cookies-policy--flat">...</div>
  (Session info: chrome=97.0.4692.71)
Build info: version: '4.0.0', revision: '3a21814679'
System info: host: 'VIMAL', ip: '10.10.10.105', os.name: 'Windows 10', os.arch: 'amd64', os.version: '10.0', java.version: '1.8.0_121'
Driver info: org.openqa.selenium.chrome.ChromeDriver
Command: [39a2e16f7c14684a95577a5ab957b6ad, clickElement {id=9b3f1031-77ea-4d8c-aa5b-72d62af9f4f0}]
Capabilities {acceptInsecureCerts: false, browserName: chrome, browserVersion: 97.0.4692.71, chrome: {chromedriverVersion: 97.0.4692.71 (adefa7837d02a..., userDataDir: C:\Windows\TEMP\scoped_dir3...}, goog:chromeOptions: {debuggerAddress: localhost:55442}, javascriptEnabled: true, networkConnectionEnabled: false, pageLoadStrategy: normal, platform: WINDOWS, platformName: WINDOWS, proxy: Proxy(), se:cdp: ws://localhost:55442/devtoo..., se:cdpVersion: 97.0.4692.71, setWindowRect: true, strictFileInteractability: false, timeouts: {implicit: 0, pageLoad: 300000, script: 30000}, unhandledPromptBehavior: dismiss and notify, webauthn:extension:credBlob: true, webauthn:extension:largeBlob: true, webauthn:virtualAuthenticators: true}
Element: [[ChromeDriver: chrome on WINDOWS (39a2e16f7c14684a95577a5ab957b6ad)] -> xpath: //span[contains(text(),'Continue')]]
Session ID: 39a2e16f7c14684a95577a5ab957b6ad
	at com.heartbingo.testsuite.SignUpTest.verifyUserShouldAbleToSignUpByEnteringMandatoryDetails(SignUpTest.java:75)
]]></failure>
    <system-err><![CDATA[Starting ChromeDriver 97.0.4692.71 (adefa7837d02a07a604c1e6eff0b3a09422ab88d-refs/branch-heads/4692@{#1247}) on port 63580
Only local connections are allowed.
Please see https://chromedriver.chromium.org/security-considerations for suggestions on keeping ChromeDriver safe.
ChromeDriver was started successfully.
Jan 20, 2022 1:34:35 PM org.openqa.selenium.remote.ProtocolHandshake createSession
INFO: Detected dialect: W3C
Jan 20, 2022 1:34:35 PM org.openqa.selenium.devtools.CdpVersionFinder findNearestMatch
WARNING: Unable to find an exact match for CDP version 97, so returning the closest version found: 95
Jan 20, 2022 1:34:35 PM org.openqa.selenium.devtools.CdpVersionFinder findNearestMatch
INFO: Found CDP implementation for version 97 of 95
]]></system-err>
  </testcase>
</testsuite>