<?xml version="1.0" encoding="UTF-8"?>
<testsuite name="Automation Test"
           tests="3"
           failures="0"
           errors="0"
           skipped="0"
           time="4.716">
  <properties />
  
  
            <testcase name="verifyFirstNameAndLastNameFieldShouldNotBeNull" time="0.639" classname="com.heartbingo.testsuite.SignUpTest" />
                <testcase name="verifyUserShouldAbleToSignUpByEnteringMandatoryDetails" time="3.667" classname="com.heartbingo.testsuite.SignUpTest" />
                <testcase name="verifyUserNavigateToSignUpPageSuccessfully" time="0.410" classname="com.heartbingo.testsuite.SignUpTest" />
      
</testsuite>
